-------------------------------------------------------------------------------
Test set: edu.zut.cs.software.OSALS.admin.service.UserManagerTest
-------------------------------------------------------------------------------
<<<<<<< HEAD
Tests run: 2, Failures: 0, Errors: 1, Skipped: 0, Time elapsed: 26.542 s <<< FAILURE! - in edu.zut.cs.software.OSALS.admin.service.UserManagerTest
testSave(edu.zut.cs.software.OSALS.admin.service.UserManagerTest)  Time elapsed: 0 s  <<< ERROR!
java.lang.IllegalStateException: Failed to load ApplicationContext
Caused by: org.springframework.beans.factory.xml.XmlBeanDefinitionStoreException: Line 18 in XML document from class path resource [applicationContext-dao.xml] is invalid; nested exception is org.xml.sax.SAXParseException; systemId: http://www.springframework.org/schema/data/jpa/spring-jpa.xsd; lineNumber: 18; columnNumber: 51; src-resolve: 无法将名称 'repository:repositories' 解析为 'type definition' 组件。
Caused by: org.xml.sax.SAXParseException: src-resolve: 无法将名称 'repository:repositories' 解析为 'type definition' 组件。

=======
<<<<<<< HEAD
Tests run: 2, Failures: 0, Errors: 0, Skipped: 0, Time elapsed: 6.042 s - in edu.zut.cs.software.OSALS.admin.service.UserManagerTest
=======
Tests run: 2, Failures: 0, Errors: 0, Skipped: 0, Time elapsed: 8.022 s - in edu.zut.cs.software.OSALS.admin.service.UserManagerTest
>>>>>>> 0d9678a1219c3799601490d4a187c18aeff7f3c6
>>>>>>> 8869d5739348d73da98579c31a4a0764aaae55d1
