-------------------------------------------------------------------------------
Test set: edu.zut.cs.software.OSALS.commodity.dao.CommodityDaoTest
-------------------------------------------------------------------------------
<<<<<<< HEAD
<<<<<<< HEAD
Tests run: 1, Failures: 0, Errors: 0, Skipped: 0, Time elapsed: 0.041 s - in edu.zut.cs.software.OSALS.commodity.dao.CommodityDaoTest
=======
Tests run: 1, Failures: 0, Errors: 0, Skipped: 0, Time elapsed: 0.091 s - in edu.zut.cs.software.OSALS.commodity.dao.CommodityDaoTest
>>>>>>> 2af7140035cf9999cfc029137d7a871d6ab46541
=======
<<<<<<< HEAD
Tests run: 1, Failures: 0, Errors: 0, Skipped: 0, Time elapsed: 0.032 s - in edu.zut.cs.software.OSALS.commodity.dao.CommodityDaoTest
=======
Tests run: 1, Failures: 0, Errors: 1, Skipped: 0, Time elapsed: 1.158 s <<< FAILURE! - in edu.zut.cs.software.OSALS.commodity.dao.CommodityDaoTest
testFindAll(edu.zut.cs.software.OSALS.commodity.dao.CommodityDaoTest)  Time elapsed: 0 s  <<< ERROR!
java.lang.IllegalStateException: Failed to load ApplicationContext
Caused by: org.springframework.beans.factory.BeanCreationException: Error creating bean with name 'emf' defined in class path resource [applicationContext-resources.xml]: Invocation of init method failed; nested exception is org.hibernate.AnnotationException: mappedBy reference an unknown target entity property: edu.zut.cs.software.OSALS.Temporary_station.domain.Temporary_station.Post_tation in edu.zut.cs.software.OSALS.Post_station.domain.Post_station.temporary_stations
Caused by: org.hibernate.AnnotationException: mappedBy reference an unknown target entity property: edu.zut.cs.software.OSALS.Temporary_station.domain.Temporary_station.Post_tation in edu.zut.cs.software.OSALS.Post_station.domain.Post_station.temporary_stations

>>>>>>> 24fe0a085de6dce6c2ee2ed9910e7d4fee84b589
>>>>>>> 5af8b31b1ad6c39089c1995608547f8fb98c749e
