-------------------------------------------------------------------------------
Test set: edu.zut.cs.software.OSALS.admin.dao.GroupDaoTest
-------------------------------------------------------------------------------
<<<<<<< HEAD
Tests run: 1, Failures: 0, Errors: 1, Skipped: 0, Time elapsed: 22.574 s <<< FAILURE! - in edu.zut.cs.software.OSALS.admin.dao.GroupDaoTest
testGetRoot(edu.zut.cs.software.OSALS.admin.dao.GroupDaoTest)  Time elapsed: 0.001 s  <<< ERROR!
java.lang.IllegalStateException: Failed to load ApplicationContext
Caused by: org.springframework.beans.factory.xml.XmlBeanDefinitionStoreException: Line 18 in XML document from class path resource [applicationContext-dao.xml] is invalid; nested exception is org.xml.sax.SAXParseException; systemId: http://www.springframework.org/schema/data/jpa/spring-jpa.xsd; lineNumber: 18; columnNumber: 51; src-resolve: 无法将名称 'repository:repositories' 解析为 'type definition' 组件。
Caused by: org.xml.sax.SAXParseException: src-resolve: 无法将名称 'repository:repositories' 解析为 'type definition' 组件。

=======
<<<<<<< HEAD
Tests run: 1, Failures: 0, Errors: 0, Skipped: 0, Time elapsed: 8.022 s - in edu.zut.cs.software.OSALS.admin.dao.GroupDaoTest
=======
Tests run: 1, Failures: 0, Errors: 0, Skipped: 0, Time elapsed: 11.251 s - in edu.zut.cs.software.OSALS.admin.dao.GroupDaoTest
>>>>>>> 6efe20cd57dbbef407502fdbcbf6047eb60a71be
>>>>>>> 5cc0bdf94aafa2b9b8176f35992754188ba1db4f
